<?xml version="1.0" encoding="UTF-8"?>
<coverage generated="1688928014429" clover="3.2.0">
  <project timestamp="1688928014429" name="All files">
    <metrics statements="30" coveredstatements="24" conditionals="8" coveredconditionals="6" methods="7" coveredmethods="6" elements="45" coveredelements="36" complexity="0" loc="30" ncloc="30" packages="1" files="1" classes="1"/>
    <file name="LinkedList.js" path="D:\TAP-Projects\Data-Structure\Linked-List\LinkedList.js">
      <metrics statements="30" coveredstatements="24" conditionals="8" coveredconditionals="6" methods="7" coveredmethods="6"/>
      <line num="3" count="5" type="stmt"/>
      <line num="4" count="5" type="stmt"/>
      <line num="8" count="14" type="stmt"/>
      <line num="9" count="14" type="stmt"/>
      <line num="10" count="14" type="stmt"/>
      <line num="15" count="1" type="cond" truecount="1" falsecount="1"/>
      <line num="16" count="1" type="stmt"/>
      <line num="17" count="1" type="cond" truecount="1" falsecount="1"/>
      <line num="19" count="1" type="stmt"/>
      <line num="21" count="1" type="stmt"/>
      <line num="25" count="5" type="cond" truecount="4" falsecount="0"/>
      <line num="26" count="4" type="stmt"/>
      <line num="27" count="4" type="stmt"/>
      <line num="28" count="4" type="stmt"/>
      <line num="29" count="5" type="stmt"/>
      <line num="31" count="4" type="stmt"/>
      <line num="36" count="0" type="stmt"/>
      <line num="37" count="0" type="stmt"/>
      <line num="38" count="0" type="stmt"/>
      <line num="39" count="0" type="stmt"/>
      <line num="40" count="0" type="stmt"/>
      <line num="43" count="0" type="stmt"/>
      <line num="51" count="15" type="stmt"/>
      <line num="52" count="15" type="stmt"/>
      <line num="56" count="1" type="stmt"/>
      <line num="57" count="4" type="stmt"/>
      <line num="58" count="4" type="stmt"/>
      <line num="59" count="12" type="stmt"/>
      <line num="61" count="4" type="stmt"/>
      <line num="64" count="1" type="stmt"/>
    </file>
  </project>
</coverage>
