{"D:\\TAP-Projects\\Data-Structure\\Linked-List\\LinkedList.js": {"path":"D:\\TAP-Projects\\Data-Structure\\Linked-List\\LinkedList.js","statementMap":{"0":{"start":{"line":3,"column":8},"end":{"line":3,"column":25}},"1":{"start":{"line":4,"column":8},"end":{"line":4,"column":24}},"2":{"start":{"line":8,"column":24},"end":{"line":8,"column":59}},"3":{"start":{"line":9,"column":8},"end":{"line":9,"column":28}},"4":{"start":{"line":10,"column":8},"end":{"line":10,"column":22}},"5":{"start":{"line":15,"column":8},"end":{"line":15,"column":56}},"6":{"start":{"line":15,"column":25},"end":{"line":15,"column":56}},"7":{"start":{"line":16,"column":21},"end":{"line":16,"column":47}},"8":{"start":{"line":17,"column":8},"end":{"line":17,"column":37}},"9":{"start":{"line":17,"column":26},"end":{"line":17,"column":37}},"10":{"start":{"line":19,"column":8},"end":{"line":19,"column":56}},"11":{"start":{"line":21,"column":8},"end":{"line":21,"column":21}},"12":{"start":{"line":25,"column":8},"end":{"line":25,"column":58}},"13":{"start":{"line":25,"column":47},"end":{"line":25,"column":58}},"14":{"start":{"line":26,"column":8},"end":{"line":26,"column":27}},"15":{"start":{"line":27,"column":22},"end":{"line":27,"column":31}},"16":{"start":{"line":28,"column":8},"end":{"line":30,"column":9}},"17":{"start":{"line":28,"column":21},"end":{"line":28,"column":22}},"18":{"start":{"line":29,"column":12},"end":{"line":29,"column":34}},"19":{"start":{"line":31,"column":8},"end":{"line":31,"column":23}},"20":{"start":{"line":36,"column":21},"end":{"line":36,"column":23}},"21":{"start":{"line":37,"column":22},"end":{"line":37,"column":31}},"22":{"start":{"line":38,"column":8},"end":{"line":41,"column":9}},"23":{"start":{"line":39,"column":12},"end":{"line":39,"column":50}},"24":{"start":{"line":40,"column":12},"end":{"line":40,"column":34}},"25":{"start":{"line":43,"column":8},"end":{"line":43,"column":36}},"26":{"start":{"line":51,"column":8},"end":{"line":51,"column":27}},"27":{"start":{"line":52,"column":8},"end":{"line":52,"column":25}},"28":{"start":{"line":56,"column":0},"end":{"line":62,"column":1}},"29":{"start":{"line":57,"column":15},"end":{"line":57,"column":31}},"30":{"start":{"line":58,"column":4},"end":{"line":60,"column":5}},"31":{"start":{"line":58,"column":17},"end":{"line":58,"column":34}},"32":{"start":{"line":59,"column":8},"end":{"line":59,"column":34}},"33":{"start":{"line":61,"column":4},"end":{"line":61,"column":14}},"34":{"start":{"line":64,"column":0},"end":{"line":64,"column":28}}},"fnMap":{"0":{"name":"(anonymous_0)","decl":{"start":{"line":2,"column":4},"end":{"line":2,"column":5}},"loc":{"start":{"line":2,"column":18},"end":{"line":5,"column":5}},"line":2},"1":{"name":"(anonymous_1)","decl":{"start":{"line":7,"column":4},"end":{"line":7,"column":5}},"loc":{"start":{"line":7,"column":23},"end":{"line":12,"column":5}},"line":7},"2":{"name":"(anonymous_2)","decl":{"start":{"line":14,"column":4},"end":{"line":14,"column":5}},"loc":{"start":{"line":14,"column":32},"end":{"line":22,"column":5}},"line":14},"3":{"name":"(anonymous_3)","decl":{"start":{"line":24,"column":4},"end":{"line":24,"column":5}},"loc":{"start":{"line":24,"column":22},"end":{"line":32,"column":5}},"line":24},"4":{"name":"(anonymous_4)","decl":{"start":{"line":35,"column":4},"end":{"line":35,"column":5}},"loc":{"start":{"line":35,"column":12},"end":{"line":44,"column":5}},"line":35},"5":{"name":"(anonymous_5)","decl":{"start":{"line":50,"column":4},"end":{"line":50,"column":5}},"loc":{"start":{"line":50,"column":29},"end":{"line":53,"column":5}},"line":50},"6":{"name":"(anonymous_6)","decl":{"start":{"line":56,"column":24},"end":{"line":56,"column":25}},"loc":{"start":{"line":56,"column":45},"end":{"line":62,"column":1}},"line":56}},"branchMap":{"0":{"loc":{"start":{"line":15,"column":8},"end":{"line":15,"column":56}},"type":"if","locations":[{"start":{"line":15,"column":8},"end":{"line":15,"column":56}},{"start":{},"end":{}}],"line":15},"1":{"loc":{"start":{"line":17,"column":8},"end":{"line":17,"column":37}},"type":"if","locations":[{"start":{"line":17,"column":8},"end":{"line":17,"column":37}},{"start":{},"end":{}}],"line":17},"2":{"loc":{"start":{"line":25,"column":8},"end":{"line":25,"column":58}},"type":"if","locations":[{"start":{"line":25,"column":8},"end":{"line":25,"column":58}},{"start":{},"end":{}}],"line":25},"3":{"loc":{"start":{"line":25,"column":12},"end":{"line":25,"column":45}},"type":"binary-expr","locations":[{"start":{"line":25,"column":12},"end":{"line":25,"column":21}},{"start":{"line":25,"column":25},"end":{"line":25,"column":45}}],"line":25}},"s":{"0":5,"1":5,"2":14,"3":14,"4":14,"5":1,"6":0,"7":1,"8":1,"9":0,"10":1,"11":1,"12":5,"13":1,"14":4,"15":4,"16":4,"17":4,"18":5,"19":4,"20":0,"21":0,"22":0,"23":0,"24":0,"25":0,"26":15,"27":15,"28":1,"29":4,"30":4,"31":4,"32":12,"33":4,"34":1},"f":{"0":5,"1":14,"2":1,"3":5,"4":0,"5":15,"6":4},"b":{"0":[0,1],"1":[0,1],"2":[1,4],"3":[5,4]},"_coverageSchema":"1a1c01bbd47fc00a2c39e90264f33305004495a9","hash":"2075dad7e000c023573a8caf4000dc3a95cbf6d0"}
}
