TN:
SF:LinkedList.js
FN:2,(anonymous_0)
FN:7,(anonymous_1)
FN:14,(anonymous_2)
FN:24,(anonymous_3)
FN:35,(anonymous_4)
FN:50,(anonymous_5)
FN:56,(anonymous_6)
FNF:7
FNH:6
FNDA:5,(anonymous_0)
FNDA:14,(anonymous_1)
FNDA:1,(anonymous_2)
FNDA:5,(anonymous_3)
FNDA:0,(anonymous_4)
FNDA:15,(anonymous_5)
FNDA:4,(anonymous_6)
DA:3,5
DA:4,5
DA:8,14
DA:9,14
DA:10,14
DA:15,1
DA:16,1
DA:17,1
DA:19,1
DA:21,1
DA:25,5
DA:26,4
DA:27,4
DA:28,4
DA:29,5
DA:31,4
DA:36,0
DA:37,0
DA:38,0
DA:39,0
DA:40,0
DA:43,0
DA:51,15
DA:52,15
DA:56,1
DA:57,4
DA:58,4
DA:59,12
DA:61,4
DA:64,1
LF:30
LH:24
BRDA:15,0,0,0
BRDA:15,0,1,1
BRDA:17,1,0,0
BRDA:17,1,1,1
BRDA:25,2,0,1
BRDA:25,2,1,4
BRDA:25,3,0,5
BRDA:25,3,1,4
BRF:8
BRH:6
end_of_record
